9369;0,4
9369;0,5
9369;0,6
9369;0,7
9369;0,8
9369;1,4
9369;1,5
9369;1,6
9369;1,7
9369;1,8
9369;2,6
9369;2,7
9369;2,8
9370;0,3
9370;0,4
9370;0,5
9370;0,6
9370;0,7
9370;0,8
9370;1,3
9370;1,4
9370;1,5
9370;1,6
9370;1,7
9370;1,8
9370;2,3
9370;2,4
9370;2,5
9370;2,6
9370;2,7
9370;2,8
9370;3,3
9370;3,4
9370;3,5
9370;3,6
9370;3,7
9370;3,8
9370;4,3
9370;4,4
9370;4,5
9370;4,6
9370;4,7
9370;4,8
9370;5,4
9370;5,5
9370;5,6
9370;5,7
9370;5,8
9370;6,4
9370;6,5
9370;6,6
9370;6,7
9370;6,8
9370;7,4
9370;7,5
9370;7,6
9370;7,7
9370;7,8
9370;8,4
9370;8,5
9370;8,6
9370;8,7
9370;8,8
9371;0,4
9371;0,5
9371;0,6
9371;0,7
9371;0,8
9371;1,3
9371;1,4
9371;1,5
9371;1,6
9371;1,7
9371;1,8
9371;2,3
9371;2,4
9371;2,5
9371;2,6
9371;2,7
9371;2,8
9371;3,3
9371;3,4
9371;3,5
9371;3,6
9371;3,7
9371;3,8
9371;4,3
9371;4,4
9371;4,5
9371;4,6
9371;4,7
9371;4,8
9371;5,3
9371;5,4
9371;5,5
9371;5,6
9371;5,7
9371;5,8
9371;6,4
9371;6,5
9371;6,6
9371;6,7
9371;6,8
9371;7,4
9371;7,5
9371;7,6
9371;7,7
9371;7,8
9371;8,3
9371;8,4
9371;8,5
9371;8,6
9371;8,7
9371;8,8
9372;0,4
9372;0,5
9372;0,6
9372;0,7
9372;0,8
9372;1,4
9372;1,5
9372;1,6
9372;1,7
9372;1,8
9372;2,3
9372;2,4
9372;2,5
9372;2,6
9372;2,7
9372;2,8
9372;3,3
9372;3,4
9372;3,5
9372;3,6
9372;3,7
9372;3,8
9372;4,3
9372;4,4
9372;4,5
9372;4,6
9372;4,7
9372;4,8
9372;5,3
9372;5,4
9372;5,5
9372;5,6
9372;5,7
9372;5,8
9372;6,3
9372;6,4
9372;6,5
9372;6,6
9372;6,7
9372;6,8
9372;7,4
9372;7,5
9372;7,6
9372;7,7
9372;7,8
9372;8,4
9372;8,5
9372;8,6
9372;8,7
9372;8,8
9373;0,3
9373;0,4
9373;0,5
9373;0,6
9373;0,7
9373;0,8
9373;1,4
9373;1,5
9373;1,6
9373;1,7
9373;1,8
9373;2,4
9373;2,5
9373;2,6
9373;2,7
9373;2,8
9373;3,3
9373;3,4
9373;3,5
9373;3,6
9373;3,7
9373;3,8
9373;4,3
9373;4,4
9373;4,5
9373;4,6
9373;4,7
9373;4,8
9373;5,3
9373;5,4
9373;5,5
9373;5,6
9373;5,7
9373;5,8
9373;6,3
9373;6,4
9373;6,5
9373;6,6
9373;6,7
9373;6,8
9373;7,3
9373;7,4
9373;7,5
9373;7,6
9373;7,7
9373;7,8
9373;8,4
9373;8,5
9373;8,6
9373;8,7
9373;8,8
9374;0,5
9374;0,6
9374;0,7
9374;0,8
9374;1,5
9374;1,6
9374;1,7
9374;1,8
9374;2,4
9374;2,5
9374;2,6
9374;2,7
9374;2,8
9374;3,4
9374;3,5
9374;3,6
9374;3,7
9374;3,8
9374;4,3
9374;4,4
9374;4,5
9374;4,6
9374;4,7
9374;4,8
9374;5,3
9374;5,4
9374;5,5
9374;5,6
9374;5,7
9374;5,8
9374;6,3
9374;6,4
9374;6,5
9374;6,6
9374;6,7
9374;6,8
9374;7,3
9374;7,4
9374;7,5
9374;7,6
9374;7,7
9374;7,8
9374;8,3
9374;8,4
9374;8,5
9374;8,6
9374;8,7
9374;8,8
9375;7,6
9375;7,7
9375;7,8
9375;8,5
9375;8,6
9375;8,7
9375;8,8
9612;0,0
9612;0,1
9612;0,2
9612;0,3
9612;1,0
9612;1,1
9612;1,2
9612;1,3
9612;2,0
9612;2,1
9613;0,0
9613;0,1
9613;0,2
9613;0,3
9613;0,4
9613;0,5
9613;0,6
9613;0,7
9613;0,8
9613;1,0
9613;1,1
9613;1,2
9613;1,3
9613;1,4
9613;1,5
9613;1,6
9613;1,7
9613;1,8
9613;2,0
9613;2,1
9613;2,2
9613;2,3
9613;2,4
9613;2,5
9613;2,6
9613;2,7
9613;2,8
9613;3,0
9613;3,1
9613;3,2
9613;3,3
9613;3,4
9613;3,5
9613;3,6
9613;3,7
9613;3,8
9613;4,0
9613;4,1
9613;4,2
9613;4,3
9613;4,4
9613;4,5
9613;4,6
9613;4,7
9613;4,8
9613;5,0
9613;5,1
9613;5,2
9613;5,3
9613;5,4
9613;5,5
9613;5,6
9613;5,7
9613;5,8
9613;6,0
9613;6,1
9613;6,2
9613;6,3
9613;6,4
9613;6,5
9613;6,6
9613;6,7
9613;6,8
9613;7,0
9613;7,1
9613;7,2
9613;7,3
9613;7,4
9613;8,0
9613;8,1
9613;8,2
9613;8,3
9614;0,0
9614;0,1
9614;0,2
9614;0,3
9614;0,4
9614;0,5
9614;0,6
9614;0,7
9614;0,8
9614;1,0
9614;1,1
9614;1,2
9614;1,3
9614;1,4
9614;1,5
9614;1,6
9614;1,7
9614;1,8
9614;2,0
9614;2,1
9614;2,2
9614;2,3
9614;2,4
9614;2,5
9614;2,6
9614;2,7
9614;2,8
9614;3,0
9614;3,1
9614;3,2
9614;3,3
9614;3,4
9614;3,5
9614;3,6
9614;3,7
9614;3,8
9614;4,0
9614;4,1
9614;4,2
9614;4,3
9614;4,4
9614;4,5
9614;4,6
9614;4,7
9614;4,8
9614;5,0
9614;5,1
9614;5,2
9614;5,3
9614;5,4
9614;5,5
9614;5,6
9614;5,7
9614;5,8
9614;6,0
9614;6,1
9614;6,2
9614;6,3
9614;6,4
9614;6,5
9614;6,6
9614;6,7
9614;6,8
9614;7,0
9614;7,1
9614;7,2
9614;7,3
9614;7,4
9614;7,5
9614;7,6
9614;7,7
9614;7,8
9614;8,0
9614;8,1
9614;8,2
9614;8,3
9614;8,4
9614;8,5
9614;8,6
9614;8,7
9614;8,8
9615;0,0
9615;0,1
9615;0,2
9615;0,3
9615;0,4
9615;0,5
9615;0,6
9615;0,7
9615;0,8
9615;1,0
9615;1,1
9615;1,2
9615;1,3
9615;1,4
9615;1,5
9615;1,6
9615;1,7
9615;1,8
9615;2,0
9615;2,1
9615;2,2
9615;2,3
9615;2,4
9615;2,5
9615;2,6
9615;2,7
9615;2,8
9615;3,0
9615;3,1
9615;3,2
9615;3,3
9615;3,4
9615;3,5
9615;3,6
9615;3,7
9615;3,8
9615;4,0
9615;4,1
9615;4,2
9615;4,3
9615;4,4
9615;4,5
9615;4,6
9615;4,7
9615;4,8
9615;5,0
9615;5,1
9615;5,2
9615;5,3
9615;5,4
9615;5,5
9615;5,6
9615;5,7
9615;5,8
9615;6,0
9615;6,1
9615;6,2
9615;6,3
9615;6,4
9615;6,5
9615;6,6
9615;6,7
9615;6,8
9615;7,0
9615;7,1
9615;7,2
9615;7,3
9615;7,4
9615;7,5
9615;7,6
9615;7,7
9615;7,8
9615;8,0
9615;8,1
9615;8,2
9615;8,3
9615;8,4
9615;8,5
9615;8,6
9615;8,7
9615;8,8
9616;0,0
9616;0,1
9616;0,2
9616;0,3
9616;0,4
9616;0,5
9616;0,6
9616;0,7
9616;0,8
9616;1,0
9616;1,1
9616;1,2
9616;1,3
9616;1,4
9616;1,5
9616;1,6
9616;1,7
9616;1,8
9616;2,0
9616;2,1
9616;2,2
9616;2,3
9616;2,4
9616;2,5
9616;2,6
9616;2,7
9616;2,8
9616;3,0
9616;3,1
9616;3,2
9616;3,3
9616;3,4
9616;3,5
9616;3,6
9616;3,7
9616;3,8
9616;4,0
9616;4,1
9616;4,2
9616;4,3
9616;4,4
9616;4,5
9616;4,6
9616;4,7
9616;4,8
9616;5,0
9616;5,1
9616;5,2
9616;5,3
9616;5,4
9616;5,5
9616;5,6
9616;5,7
9616;5,8
9616;6,0
9616;6,1
9616;6,2
9616;6,3
9616;6,4
9616;6,5
9616;6,6
9616;6,7
9616;6,8
9616;7,0
9616;7,1
9616;7,2
9616;7,3
9616;7,4
9616;7,5
9616;7,6
9616;7,7
9616;7,8
9616;8,0
9616;8,1
9616;8,2
9616;8,3
9616;8,4
9616;8,5
9616;8,6
9616;8,7
9616;8,8
9617;0,0
9617;0,1
9617;0,2
9617;0,3
9617;0,4
9617;0,5
9617;0,6
9617;0,7
9617;0,8
9617;1,0
9617;1,1
9617;1,2
9617;1,3
9617;1,4
9617;1,5
9617;1,6
9617;1,7
9617;1,8
9617;2,0
9617;2,1
9617;2,2
9617;2,3
9617;2,4
9617;2,5
9617;2,6
9617;2,7
9617;2,8
9617;3,0
9617;3,1
9617;3,2
9617;3,3
9617;3,4
9617;3,5
9617;3,6
9617;3,7
9617;3,8
9617;4,0
9617;4,1
9617;4,2
9617;4,3
9617;4,4
9617;4,5
9617;4,6
9617;4,7
9617;4,8
9617;5,0
9617;5,1
9617;5,2
9617;5,3
9617;5,4
9617;5,5
9617;5,6
9617;5,7
9617;5,8
9617;6,0
9617;6,1
9617;6,2
9617;6,3
9617;6,4
9617;6,5
9617;6,6
9617;6,7
9617;6,8
9617;7,0
9617;7,1
9617;7,2
9617;7,3
9617;7,4
9617;7,5
9617;7,6
9617;7,7
9617;7,8
9617;8,0
9617;8,1
9617;8,2
9617;8,3
9617;8,4
9617;8,5
9617;8,6
9617;8,7
9617;8,8
9618;6,3
9618;6,4
9618;6,5
9618;6,6
9618;6,7
9618;7,0
9618;7,1
9618;7,2
9618;7,3
9618;7,4
9618;7,5
9618;7,6
9618;7,7
9618;7,8
9618;8,0
9618;8,1
9618;8,2
9618;8,3
9618;8,4
9618;8,5
9618;8,6
9618;8,7
9618;8,8
9855;0,0
9855;0,1
9855;0,2
9855;0,3
9855;1,0
9855;1,1
9855;1,2
9855;2,0
9855;2,1
9856;0,0
9856;0,1
9856;0,2
9856;0,3
9856;0,4
9856;1,0
9856;1,1
9856;1,2
9856;1,3
9856;1,4
9856;2,0
9856;2,1
9856;2,2
9856;2,3
9856;2,4
9856;3,0
9856;3,1
9856;3,2
9856;3,3
9856;3,4
9856;4,0
9856;4,1
9856;4,2
9856;4,3
9856;4,4
9856;5,0
9856;5,1
9856;5,2
9856;5,3
9856;5,4
9856;6,0
9856;6,1
9856;6,2
9856;6,3
9856;6,4
9856;7,0
9856;7,1
9856;7,2
9856;7,3
9856;7,4
9856;8,0
9856;8,1
9856;8,2
9856;8,3
9857;0,0
9857;0,1
9857;0,2
9857;1,0
9857;1,1
9857;1,2
9857;1,3
9857;2,0
9857;2,1
9857;2,2
9857;2,3
9857;2,4
9857;3,0
9857;3,1
9857;3,2
9857;3,3
9857;3,4
9857;4,0
9857;4,1
9857;4,2
9857;4,3
9857;4,4
9857;5,0
9857;5,1
9857;5,2
9857;5,3
9857;5,4
9857;6,0
9857;6,1
9857;6,2
9857;6,3
9857;6,4
9857;7,0
9857;7,1
9857;7,2
9857;7,3
9857;7,4
9857;8,0
9857;8,1
9857;8,2
9857;8,3
9857;8,4
9858;0,0
9858;0,1
9858;0,2
9858;1,0
9858;1,1
9858;1,2
9858;2,0
9858;2,1
9858;2,2
9858;3,0
9858;3,1
9858;3,2
9858;4,0
9858;4,1
9858;4,2
9858;5,0
9858;5,1
9858;6,0
9858;6,1
9858;7,0
9858;7,1
9858;7,2
9858;8,0
9858;8,1
9858;8,2
9859;0,0
9859;0,1
9859;1,0
9859;1,1
9859;2,0
9859;2,1
9859;3,0
9859;4,0
9859;4,1
9859;5,0
9859;5,1
9859;6,0
9859;6,1
9859;7,0
9859;7,1
9859;8,0
9859;8,1
9859;8,2
9860;4,0
9860;5,0
9860;5,1
9860;6,0
9860;6,1
9860;7,0
9860;7,1
9860;8,0
9860;8,1
